<?xml version="1.0" encoding="UTF-8"?>
<!-- Generated by org.testng.reporters.JUnitXMLReporter -->
<testsuite hostname="DESKTOP-TV01VB7" ignored="1" name="reg_10June" tests="2" failures="0" timestamp="10 Jun 2018 09:08:56 GMT" time="60.632" errors="0">
  <testcase name="testCase1" time="40.73" classname="com.test.selenium.TestCase1"/>
  <testcase name="testCase2" time="18.974" classname="com.test.selenium.TestCase2"/>
  <testcase name="@AfterSuite afterSuite" time="0.0" classname="com.test.framework.BaseTest">
    <ignored/>
  </testcase> <!-- @AfterSuite afterSuite -->
</testsuite> <!-- reg_10June -->
