<?xml version="1.0" encoding="UTF-8"?>
<testng-results skipped="0" failed="0" ignored="1" total="3" passed="2">
  <reporter-output>
  </reporter-output>
  <suite name="Regression" duration-ms="60632" started-at="2018-06-10T09:07:55Z" finished-at="2018-06-10T09:08:56Z">
    <groups>
    </groups>
    <test name="reg_10June" duration-ms="60632" started-at="2018-06-10T09:07:55Z" finished-at="2018-06-10T09:08:56Z">
      <class name="com.test.selenium.TestCase1">
        <test-method status="PASS" signature="testCase1()[pri:0, instance:com.test.selenium.TestCase1@5db6b9cd]" name="testCase1" duration-ms="40730" started-at="2018-06-10T09:07:55Z" finished-at="2018-06-10T09:08:36Z">
          <reporter-output>
          </reporter-output>
        </test-method> <!-- testCase1 -->
        <test-method status="PASS" signature="afterTest()[pri:0, instance:com.test.selenium.TestCase1@5db6b9cd]" name="afterTest" is-config="true" duration-ms="500" started-at="2018-06-10T09:08:36Z" finished-at="2018-06-10T09:08:36Z">
          <reporter-output>
          </reporter-output>
        </test-method> <!-- afterTest -->
        <test-method status="PASS" signature="afterSuite()[pri:0, instance:com.test.selenium.TestCase1@5db6b9cd]" name="afterSuite" is-config="true" duration-ms="63" started-at="2018-06-10T09:08:56Z" finished-at="2018-06-10T09:08:56Z">
          <reporter-output>
          </reporter-output>
        </test-method> <!-- afterSuite -->
      </class> <!-- com.test.selenium.TestCase1 -->
      <class name="com.test.selenium.TestCase2">
        <test-method status="PASS" signature="testCase2()[pri:0, instance:com.test.selenium.TestCase2@210ab13f]" name="testCase2" duration-ms="18974" started-at="2018-06-10T09:08:36Z" finished-at="2018-06-10T09:08:55Z">
          <reporter-output>
          </reporter-output>
        </test-method> <!-- testCase2 -->
        <test-method status="PASS" signature="afterTest()[pri:0, instance:com.test.selenium.TestCase2@210ab13f]" name="afterTest" is-config="true" duration-ms="398" started-at="2018-06-10T09:08:55Z" finished-at="2018-06-10T09:08:56Z">
          <reporter-output>
          </reporter-output>
        </test-method> <!-- afterTest -->
      </class> <!-- com.test.selenium.TestCase2 -->
    </test> <!-- reg_10June -->
  </suite> <!-- Regression -->
</testng-results>
